ubuntu@ip-172-31-65-74:~/airline-api-dotnet$ docker compose logs backend-api
WARN[0000] /home/ubuntu/airline-api-dotnet/docker-compose.yml: the attribute `version` is obsolete, it will be ignored, please remove it to avoid potential confusion 
airline_backend  | Unhandled exception. MySqlConnector.MySqlException (0x80004005): Unable to connect to any of the specified MySQL hosts.
airline_backend  |    at MySqlConnector.Core.ServerSession.OpenTcpSocketAsync(ConnectionSettings cs, ILoadBalancer loadBalancer, Activity activity, IOBehavior ioBehavior, CancellationToken cancellationToken) in /_/src/MySqlConnector/Core/ServerSession.cs:line 1063
airline_backend  |    at MySqlConnector.Core.ServerSession.ConnectAsync(ConnectionSettings cs, MySqlConnection connection, Int64 startingTimestamp, ILoadBalancer loadBalancer, Activity activity, IOBehavior ioBehavior, CancellationToken cancellationToken) in /_/src/MySqlConnector/Core/ServerSession.cs:line 425
airline_backend  |    at MySqlConnector.MySqlConnection.CreateSessionAsync(ConnectionPool pool, Int64 startingTimestamp, Activity activity, Nullable`1 ioBehavior, CancellationToken cancellationToken) in /_/src/MySqlConnector/MySqlConnection.cs:line 932
airline_backend  |    at MySqlConnector.MySqlConnection.CreateSessionAsync(ConnectionPool pool, Int64 startingTimestamp, Activity activity, Nullable`1 ioBehavior, CancellationToken cancellationToken) in /_/src/MySqlConnector/MySqlConnection.cs:line 938
airline_backend  |    at MySqlConnector.MySqlConnection.OpenAsync(Nullable`1 ioBehavior, CancellationToken cancellationToken) in /_/src/MySqlConnector/MySqlConnection.cs:line 419
airline_backend  |    at MySqlConnector.MySqlConnection.Open() in /_/src/MySqlConnector/MySqlConnection.cs:line 381
airline_backend  |    at Microsoft.EntityFrameworkCore.ServerVersion.AutoDetect(String connectionString)
airline_backend  |    at Program.<>c__DisplayClass0_0.<<Main>$>b__0(DbContextOptionsBuilder options) in /src/src/AirlineSystem.API/Program.cs:line 20
airline_backend  |    at Microsoft.Extensions.DependencyInjection.EntityFrameworkServiceCollectionExtensions.<>c__DisplayClass1_0`2.<AddDbContext>b__0(IServiceProvider _, DbContextOptionsBuilder b)
airline_backend  |    at Microsoft.Extensions.DependencyInjection.EntityFrameworkServiceCollectionExtensions.CreateDbContextOptions[TContext](IServiceProvider applicationServiceProvider, Action`2 optionsAction)
airline_backend  |    at Microsoft.Extensions.DependencyInjection.EntityFrameworkServiceCollectionExtensions.<>c__DisplayClass17_0`1.<AddCoreServices>b__0(IServiceProvider p)
airline_backend  |    at Microsoft.Extensions.DependencyInjection.ServiceLookup.CallSiteVisitor`2.VisitCallSiteMain(ServiceCallSite callSite, TArgument argument)
airline_backend  |    at Microsoft.Extensions.DependencyInjection.ServiceLookup.CallSiteRuntimeResolver.VisitCache(ServiceCallSite callSite, RuntimeResolverContext context, ServiceProviderEngineScope serviceProviderEngine, RuntimeResolverLock lockType)
airline_backend  |    at Microsoft.Extensions.DependencyInjection.ServiceLookup.CallSiteRuntimeResolver.VisitScopeCache(ServiceCallSite callSite, RuntimeResolverContext context)
airline_backend  |    at Microsoft.Extensions.DependencyInjection.ServiceLookup.CallSiteVisitor`2.VisitCallSite(ServiceCallSite callSite, TArgument argument)
airline_backend  |    at Microsoft.Extensions.DependencyInjection.ServiceLookup.CallSiteRuntimeResolver.VisitConstructor(ConstructorCallSite constructorCallSite, RuntimeResolverContext context)
airline_backend  |    at Microsoft.Extensions.DependencyInjection.ServiceLookup.CallSiteVisitor`2.VisitCallSiteMain(ServiceCallSite callSite, TArgument argument)
airline_backend  |    at Microsoft.Extensions.DependencyInjection.ServiceLookup.CallSiteRuntimeResolver.VisitCache(ServiceCallSite callSite, RuntimeResolverContext context, ServiceProviderEngineScope serviceProviderEngine, RuntimeResolverLock lockType)
airline_backend  |    at Microsoft.Extensions.DependencyInjection.ServiceLookup.CallSiteRuntimeResolver.VisitScopeCache(ServiceCallSite callSite, RuntimeResolverContext context)
airline_backend  |    at Microsoft.Extensions.DependencyInjection.ServiceLookup.CallSiteVisitor`2.VisitCallSite(ServiceCallSite callSite, TArgument argument)
airline_backend  |    at Microsoft.Extensions.DependencyInjection.ServiceLookup.CallSiteRuntimeResolver.Resolve(ServiceCallSite callSite, ServiceProviderEngineScope scope)
airline_backend  |    at Microsoft.Extensions.DependencyInjection.ServiceLookup.DynamicServiceProviderEngine.<>c__DisplayClass2_0.<RealizeService>b__0(ServiceProviderEngineScope scope)
airline_backend  |    at Microsoft.Extensions.DependencyInjection.ServiceProvider.GetService(ServiceIdentifier serviceIdentifier, ServiceProviderEngineScope serviceProviderEngineScope)
airline_backend  |    at Microsoft.Extensions.DependencyInjection.ServiceLookup.ServiceProviderEngineScope.GetService(Type serviceType)
airline_backend  |    at Microsoft.Extensions.DependencyInjection.ServiceProviderServiceExtensions.GetRequiredService(IServiceProvider provider, Type serviceType)
airline_backend  |    at Microsoft.Extensions.DependencyInjection.ServiceProviderServiceExtensions.GetRequiredService[T](IServiceProvider provider)
airline_backend  |    at Program.<Main>$(String[] args) in /src/src/AirlineSystem.API/Program.cs:line 110
airline_backend  |    at Program.<Main>(String[] args)
airline_backend  | info: Microsoft.EntityFrameworkCore.Database.Command[20101]
airline_backend  |       Executed DbCommand (19ms) [Parameters=[], CommandType='Text', CommandTimeout='30']
airline_backend  |       SELECT 1 FROM INFORMATION_SCHEMA.TABLES WHERE TABLE_SCHEMA='AirlineSystemDb' AND TABLE_NAME='__EFMigrationsHistory';
airline_backend  | info: Microsoft.EntityFrameworkCore.Database.Command[20101]
airline_backend  |       Executed DbCommand (47ms) [Parameters=[], CommandType='Text', CommandTimeout='30']
airline_backend  |       CREATE TABLE `__EFMigrationsHistory` (
airline_backend  |           `MigrationId` varchar(150) CHARACTER SET utf8mb4 NOT NULL,
airline_backend  |           `ProductVersion` varchar(32) CHARACTER SET utf8mb4 NOT NULL,
airline_backend  |           CONSTRAINT `PK___EFMigrationsHistory` PRIMARY KEY (`MigrationId`)
airline_backend  |       ) CHARACTER SET=utf8mb4;
airline_backend  | info: Microsoft.EntityFrameworkCore.Database.Command[20101]
airline_backend  |       Executed DbCommand (8ms) [Parameters=[], CommandType='Text', CommandTimeout='30']
airline_backend  |       SELECT 1 FROM INFORMATION_SCHEMA.TABLES WHERE TABLE_SCHEMA='AirlineSystemDb' AND TABLE_NAME='__EFMigrationsHistory';
airline_backend  | info: Microsoft.EntityFrameworkCore.Database.Command[20101]
airline_backend  |       Executed DbCommand (14ms) [Parameters=[], CommandType='Text', CommandTimeout='30']
airline_backend  |       SELECT `MigrationId`, `ProductVersion`
airline_backend  |       FROM `__EFMigrationsHistory`
airline_backend  |       ORDER BY `MigrationId`;
airline_backend  | info: Microsoft.EntityFrameworkCore.Migrations[20402]
airline_backend  |       Applying migration '20260323222608_InitialCreate'.
airline_backend  | info: Microsoft.EntityFrameworkCore.Database.Command[20101]
airline_backend  |       Executed DbCommand (11ms) [Parameters=[], CommandType='Text', CommandTimeout='30']
airline_backend  |       ALTER DATABASE CHARACTER SET utf8mb4;
airline_backend  | info: Microsoft.EntityFrameworkCore.Database.Command[20101]
airline_backend  |       Executed DbCommand (50ms) [Parameters=[], CommandType='Text', CommandTimeout='30']
airline_backend  |       CREATE TABLE `Airports` (
airline_backend  |           `Id` char(36) COLLATE ascii_general_ci NOT NULL,
airline_backend  |           `Code` varchar(10) CHARACTER SET utf8mb4 NOT NULL,
airline_backend  |           `Name` longtext CHARACTER SET utf8mb4 NOT NULL,
airline_backend  |           `City` longtext CHARACTER SET utf8mb4 NOT NULL,
airline_backend  |           `CreatedAt` datetime(6) NOT NULL,
airline_backend  |           CONSTRAINT `PK_Airports` PRIMARY KEY (`Id`)
airline_backend  |       ) CHARACTER SET=utf8mb4;
airline_backend  | info: Microsoft.EntityFrameworkCore.Database.Command[20101]
airline_backend  |       Executed DbCommand (58ms) [Parameters=[], CommandType='Text', CommandTimeout='30']
airline_backend  |       CREATE TABLE `Users` (
airline_backend  |           `Id` char(36) COLLATE ascii_general_ci NOT NULL,
airline_backend  |           `Email` varchar(256) CHARACTER SET utf8mb4 NOT NULL,
airline_backend  |           `PasswordHash` longtext CHARACTER SET utf8mb4 NOT NULL,
airline_backend  |           `Role` longtext CHARACTER SET utf8mb4 NOT NULL,
airline_backend  |           `CreatedAt` datetime(6) NOT NULL,
airline_backend  |           CONSTRAINT `PK_Users` PRIMARY KEY (`Id`)
airline_backend  |       ) CHARACTER SET=utf8mb4;
airline_backend  | info: Microsoft.EntityFrameworkCore.Database.Command[20101]
airline_backend  |       Executed DbCommand (75ms) [Parameters=[], CommandType='Text', CommandTimeout='30']
airline_backend  |       CREATE TABLE `Flights` (
airline_backend  |           `Id` char(36) COLLATE ascii_general_ci NOT NULL,
airline_backend  |           `FlightNumber` varchar(20) CHARACTER SET utf8mb4 NOT NULL,
airline_backend  |           `DepartureDate` datetime(6) NOT NULL,
airline_backend  |           `ArrivalDate` datetime(6) NOT NULL,
airline_backend  |           `DurationMinutes` int NOT NULL,
airline_backend  |           `TotalCapacity` int NOT NULL,
airline_backend  |           `AvailableCapacity` int NOT NULL,
airline_backend  |           `OriginAirportId` char(36) COLLATE ascii_general_ci NOT NULL,
airline_backend  |           `DestinationAirportId` char(36) COLLATE ascii_general_ci NOT NULL,
airline_backend  |           `RowVersion` timestamp(6) NOT NULL DEFAULT CURRENT_TIMESTAMP(6) ON UPDATE CURRENT_TIMESTAMP(6),
airline_backend  |           `CreatedAt` datetime(6) NOT NULL,
airline_backend  |           CONSTRAINT `PK_Flights` PRIMARY KEY (`Id`),
airline_backend  |           CONSTRAINT `FK_Flights_Airports_DestinationAirportId` FOREIGN KEY (`DestinationAirportId`) REFERENCES `Airports` (`Id`) ON DELETE RESTRICT,
airline_backend  |           CONSTRAINT `FK_Flights_Airports_OriginAirportId` FOREIGN KEY (`OriginAirportId`) REFERENCES `Airports` (`Id`) ON DELETE RESTRICT
airline_backend  |       ) CHARACTER SET=utf8mb4;
airline_backend  | info: Microsoft.EntityFrameworkCore.Database.Command[20101]
airline_backend  |       Executed DbCommand (71ms) [Parameters=[], CommandType='Text', CommandTimeout='30']
airline_backend  |       CREATE TABLE `Bookings` (
airline_backend  |           `Id` char(36) COLLATE ascii_general_ci NOT NULL,
airline_backend  |           `PnrCode` varchar(20) CHARACTER SET utf8mb4 NOT NULL,
airline_backend  |           `TransactionDate` datetime(6) NOT NULL,
airline_backend  |           `UserId` char(36) COLLATE ascii_general_ci NOT NULL,
airline_backend  |           `CreatedAt` datetime(6) NOT NULL,
airline_backend  |           CONSTRAINT `PK_Bookings` PRIMARY KEY (`Id`),
airline_backend  |           CONSTRAINT `FK_Bookings_Users_UserId` FOREIGN KEY (`UserId`) REFERENCES `Users` (`Id`) ON DELETE RESTRICT
airline_backend  |       ) CHARACTER SET=utf8mb4;
airline_backend  | info: Microsoft.EntityFrameworkCore.Database.Command[20101]
airline_backend  |       Executed DbCommand (65ms) [Parameters=[], CommandType='Text', CommandTimeout='30']
airline_backend  |       CREATE TABLE `Passengers` (
airline_backend  |           `Id` char(36) COLLATE ascii_general_ci NOT NULL,
airline_backend  |           `FullName` longtext CHARACTER SET utf8mb4 NOT NULL,
airline_backend  |           `SeatNumber` int NULL,
airline_backend  |           `IsCheckedIn` tinyint(1) NOT NULL DEFAULT FALSE,
airline_backend  |           `BookingId` char(36) COLLATE ascii_general_ci NOT NULL,
airline_backend  |           `FlightId` char(36) COLLATE ascii_general_ci NOT NULL,
airline_backend  |           `CreatedAt` datetime(6) NOT NULL,
airline_backend  |           CONSTRAINT `PK_Passengers` PRIMARY KEY (`Id`),
airline_backend  |           CONSTRAINT `FK_Passengers_Bookings_BookingId` FOREIGN KEY (`BookingId`) REFERENCES `Bookings` (`Id`) ON DELETE CASCADE,
airline_backend  |           CONSTRAINT `FK_Passengers_Flights_FlightId` FOREIGN KEY (`FlightId`) REFERENCES `Flights` (`Id`) ON DELETE RESTRICT
airline_backend  |       ) CHARACTER SET=utf8mb4;
airline_backend  | info: Microsoft.EntityFrameworkCore.Database.Command[20101]
airline_backend  |       Executed DbCommand (47ms) [Parameters=[], CommandType='Text', CommandTimeout='30']
airline_backend  |       CREATE UNIQUE INDEX `IX_Airports_Code` ON `Airports` (`Code`);
airline_backend  | info: Microsoft.EntityFrameworkCore.Database.Command[20101]
airline_backend  |       Executed DbCommand (47ms) [Parameters=[], CommandType='Text', CommandTimeout='30']
airline_backend  |       CREATE UNIQUE INDEX `IX_Bookings_PnrCode` ON `Bookings` (`PnrCode`);
airline_backend  | info: Microsoft.EntityFrameworkCore.Database.Command[20101]
airline_backend  |       Executed DbCommand (59ms) [Parameters=[], CommandType='Text', CommandTimeout='30']
airline_backend  |       CREATE INDEX `IX_Bookings_UserId` ON `Bookings` (`UserId`);
airline_backend  | info: Microsoft.EntityFrameworkCore.Database.Command[20101]
airline_backend  |       Executed DbCommand (59ms) [Parameters=[], CommandType='Text', CommandTimeout='30']
airline_backend  |       CREATE INDEX `IX_Flights_DestinationAirportId` ON `Flights` (`DestinationAirportId`);
airline_backend  | info: Microsoft.EntityFrameworkCore.Database.Command[20101]
airline_backend  |       Executed DbCommand (39ms) [Parameters=[], CommandType='Text', CommandTimeout='30']
airline_backend  |       CREATE INDEX `IX_Flights_FlightNumber_DepartureDate` ON `Flights` (`FlightNumber`, `DepartureDate`);
airline_backend  | info: Microsoft.EntityFrameworkCore.Database.Command[20101]
airline_backend  |       Executed DbCommand (45ms) [Parameters=[], CommandType='Text', CommandTimeout='30']
airline_backend  |       CREATE INDEX `IX_Flights_OriginAirportId` ON `Flights` (`OriginAirportId`);
airline_backend  | info: Microsoft.EntityFrameworkCore.Database.Command[20101]
airline_backend  |       Executed DbCommand (49ms) [Parameters=[], CommandType='Text', CommandTimeout='30']
airline_backend  |       CREATE INDEX `IX_Passengers_BookingId` ON `Passengers` (`BookingId`);
airline_backend  | info: Microsoft.EntityFrameworkCore.Database.Command[20101]
airline_backend  |       Executed DbCommand (46ms) [Parameters=[], CommandType='Text', CommandTimeout='30']
airline_backend  |       CREATE INDEX `IX_Passengers_FlightId` ON `Passengers` (`FlightId`);
airline_backend  | info: Microsoft.EntityFrameworkCore.Database.Command[20101]
airline_backend  |       Executed DbCommand (40ms) [Parameters=[], CommandType='Text', CommandTimeout='30']
airline_backend  |       CREATE UNIQUE INDEX `IX_Users_Email` ON `Users` (`Email`);
airline_backend  | info: Microsoft.EntityFrameworkCore.Database.Command[20101]
airline_backend  |       Executed DbCommand (8ms) [Parameters=[], CommandType='Text', CommandTimeout='30']
airline_backend  |       INSERT INTO `__EFMigrationsHistory` (`MigrationId`, `ProductVersion`)
airline_backend  |       VALUES ('20260323222608_InitialCreate', '8.0.11');
airline_backend  | info: Microsoft.EntityFrameworkCore.Database.Command[20101]
airline_backend  |       Executed DbCommand (1ms) [Parameters=[], CommandType='Text', CommandTimeout='30']
airline_backend  |       SELECT EXISTS (
airline_backend  |           SELECT 1
airline_backend  |           FROM `Users` AS `u`
airline_backend  |           WHERE `u`.`Role` = 'Admin')
airline_backend  | info: Microsoft.EntityFrameworkCore.Database.Command[20101]
airline_backend  |       Executed DbCommand (39ms) [Parameters=[@p0='?' (DbType = Guid), @p1='?' (DbType = DateTime), @p2='?' (Size = 256), @p3='?' (Size = 4000), @p4='?' (Size = 4000)], CommandType='Text', CommandTimeout='30']
airline_backend  |       SET AUTOCOMMIT = 1;
airline_backend  |       INSERT INTO `Users` (`Id`, `CreatedAt`, `Email`, `PasswordHash`, `Role`)
airline_backend  |       VALUES (@p0, @p1, @p2, @p3, @p4);
airline_backend  | warn: Microsoft.AspNetCore.DataProtection.Repositories.FileSystemXmlRepository[60]
airline_backend  |       Storing keys in a directory '/app/.aspnet/DataProtection-Keys' that may not be persisted outside of the container. Protected data will be unavailable when container is destroyed. For more information go to https://aka.ms/aspnet/dataprotectionwarning
airline_backend  | warn: Microsoft.AspNetCore.DataProtection.KeyManagement.XmlKeyManager[35]
airline_backend  |       No XML encryptor configured. Key {be09657c-e38a-40c6-8b9a-5c82a381fdf2} may be persisted to storage in unencrypted form.
airline_backend  | warn: Microsoft.AspNetCore.Hosting.Diagnostics[15]
airline_backend  |       Overriding HTTP_PORTS '8080' and HTTPS_PORTS ''. Binding to values defined by URLS instead 'http://+:8080'.
airline_backend  | info: Microsoft.Hosting.Lifetime[14.
airline_backend  |       Now listening on: http://[::]:8080
airline_backend  | info: Microsoft.Hosting.Lifetime[0]
airline_backend  |       Application started. Press Ctrl+C to shut down.
airline_backend  | info: Microsoft.Hosting.Lifetime[0]
airline_backend  |       Hosting environment: Production
airline_backend  | info: Microsoft.Hosting.Lifetime[0]
airline_backend  |       Content root path: /app
ubuntu@ip-172-31-65-74:~/airline-api-dotnet$ 